TN:
SF:src/helpers/helper-functions.js
FN:2,(anonymous_0)
FN:9,readFile
FNF:2
FNH:1
FNDA:2,(anonymous_0)
FNDA:0,readFile
DA:2,1
DA:3,2
DA:5,1
DA:6,1
DA:7,1
DA:8,1
DA:11,0
DA:12,0
DA:13,0
DA:14,0
DA:18,0
DA:21,1
LF:12
LH:7
BRDA:2,0,0,1
BRDA:2,0,1,0
BRDA:2,0,2,1
BRDA:3,1,0,1
BRDA:3,1,1,1
BRDA:3,2,0,2
BRDA:3,2,1,2
BRF:7
BRH:6
end_of_record
TN:
SF:src/logger/ConsoleLogger.js
FN:8,(anonymous_0)
FN:10,(anonymous_1)
FN:13,(anonymous_2)
FNF:3
FNH:1
FNDA:1,(anonymous_0)
FNDA:0,(anonymous_1)
FNDA:0,(anonymous_2)
DA:2,2
DA:11,0
DA:14,0
DA:17,2
LF:4
LH:2
BRF:0
BRH:0
end_of_record
TN:
SF:src/parser/LogParser.js
FN:9,(anonymous_0)
FN:10,(anonymous_1)
FN:38,(anonymous_2)
FN:41,(anonymous_3)
FN:44,(anonymous_4)
FN:47,(anonymous_5)
FN:50,(anonymous_6)
FN:68,(anonymous_7)
FN:71,(anonymous_8)
FN:74,(anonymous_9)
FNF:10
FNH:9
FNDA:5,(anonymous_0)
FNDA:1,(anonymous_1)
FNDA:2,(anonymous_2)
FNDA:1,(anonymous_3)
FNDA:1,(anonymous_4)
FNDA:0,(anonymous_5)
FNDA:2,(anonymous_6)
FNDA:2,(anonymous_7)
FNDA:1,(anonymous_8)
FNDA:1,(anonymous_9)
DA:2,1
DA:10,5
DA:12,1
DA:13,1
DA:14,1
DA:15,1
DA:16,1
DA:19,0
DA:22,5
DA:23,1
DA:25,4
DA:26,1
DA:28,3
DA:29,1
DA:31,2
DA:32,2
DA:33,2
DA:34,2
DA:35,1
DA:39,2
DA:42,1
DA:45,1
DA:48,0
DA:51,2
DA:52,1
DA:54,1
DA:55,1
DA:56,1
DA:58,1
DA:59,1
DA:60,1
DA:61,0
DA:62,0
DA:64,1
DA:65,1
DA:69,2
DA:72,1
DA:75,1
DA:78,1
LF:39
LH:35
BRDA:16,0,0,0
BRDA:16,0,1,1
BRDA:16,1,0,1
BRDA:16,1,1,1
BRDA:19,2,0,0
BRDA:19,2,1,0
BRDA:19,3,0,0
BRDA:19,3,1,0
BRDA:22,4,0,1
BRDA:22,4,1,4
BRDA:25,5,0,1
BRDA:25,5,1,3
BRDA:28,6,0,1
BRDA:28,6,1,2
BRDA:34,7,0,1
BRDA:34,7,1,1
BRDA:51,8,0,1
BRDA:51,8,1,1
BRDA:58,9,0,2
BRDA:58,9,1,2
BRDA:60,10,0,0
BRDA:60,10,1,1
BRF:22
BRH:16
end_of_record
TN:
SF:src/reader/FileReader.js
FN:2,(anonymous_0)
FN:14,(anonymous_1)
FN:20,(anonymous_2)
FN:28,(anonymous_3)
FN:31,(anonymous_4)
FNF:5
FNH:3
FNDA:1,(anonymous_0)
FNDA:2,(anonymous_1)
FNDA:2,(anonymous_2)
FNDA:0,(anonymous_3)
FNDA:0,(anonymous_4)
DA:2,1
DA:3,1
DA:5,1
DA:6,1
DA:7,1
DA:15,2
DA:16,1
DA:18,1
DA:21,2
DA:22,2
DA:23,1
DA:25,1
DA:26,1
DA:29,0
DA:32,0
DA:35,1
LF:16
LH:14
BRDA:2,0,0,1
BRDA:2,0,1,0
BRDA:2,0,2,1
BRDA:3,1,0,0
BRDA:3,1,1,1
BRDA:3,2,0,1
BRDA:3,2,1,1
BRDA:15,3,0,1
BRDA:15,3,1,1
BRDA:22,4,0,1
BRDA:22,4,1,1
BRF:11
BRH:9
end_of_record
TN:
SF:src/transformer/ErrorExtractor.js
FN:8,(anonymous_0)
FN:10,(anonymous_1)
FN:25,(anonymous_2)
FNF:3
FNH:3
FNDA:2,(anonymous_0)
FNDA:1,(anonymous_1)
FNDA:2,(anonymous_2)
DA:2,1
DA:9,2
DA:10,2
DA:11,1
DA:12,1
DA:13,1
DA:14,1
DA:20,1
DA:22,2
DA:23,0
DA:26,2
DA:27,2
DA:30,1
LF:13
LH:12
BRDA:22,0,0,0
BRDA:22,0,1,2
BRDA:27,1,0,1
BRDA:27,1,1,1
BRF:4
BRH:3
end_of_record
TN:
SF:src/writer/FileWriter.js
FN:2,(anonymous_0)
FN:12,(anonymous_1)
FN:16,(anonymous_2)
FN:25,(anonymous_3)
FN:28,(anonymous_4)
FN:31,(anonymous_5)
FN:35,(anonymous_6)
FNF:7
FNH:6
FNDA:1,(anonymous_0)
FNDA:1,(anonymous_1)
FNDA:3,(anonymous_2)
FNDA:1,(anonymous_3)
FNDA:1,(anonymous_4)
FNDA:0,(anonymous_5)
FNDA:4,(anonymous_6)
DA:2,1
DA:3,1
DA:5,1
DA:6,1
DA:13,1
DA:14,1
DA:17,3
DA:18,2
DA:19,2
DA:22,1
DA:26,1
DA:29,1
DA:32,0
DA:33,0
DA:36,4
DA:39,1
LF:16
LH:14
BRDA:2,0,0,1
BRDA:2,0,1,0
BRDA:2,0,2,1
BRDA:3,1,0,0
BRDA:3,1,1,1
BRDA:3,2,0,1
BRDA:3,2,1,1
BRDA:17,3,0,2
BRDA:17,3,1,1
BRDA:25,4,0,1
BRDA:28,5,0,1
BRDA:33,6,0,0
BRDA:33,6,1,0
BRF:13
BRH:9
end_of_record
TN:
SF:tests/unit-tests/mockparser.js
FN:5,(anonymous_0)
FN:6,(anonymous_1)
FN:7,(anonymous_2)
FN:8,(anonymous_3)
FNF:4
FNH:3
FNDA:2,(anonymous_0)
FNDA:1,(anonymous_1)
FNDA:1,(anonymous_2)
FNDA:0,(anonymous_3)
DA:2,1
DA:4,1
DA:5,2
DA:7,1
LF:4
LH:4
BRF:0
BRH:0
end_of_record
